<?xml version="1.0" encoding="UTF-8" ?>
<testsuite errors="0" failures="0" hostname="DESKTOP-HKD7AL0" name="com.choucair.formacion.RunnerTags" skipped="0" tests="8" time="12.251" timestamp="2019-05-18T05:04:43">
  <properties>
    <property name="java.vendor" value="Oracle Corporation" />
    <property name="env.USERDOMAIN_ROAMINGPROFILE" value="DESKTOP-HKD7AL0" />
    <property name="env.DEFLOGDIR" value="C:\ProgramData\McAfee\Endpoint Security\Logs" />
    <property name="sun.java.launcher" value="SUN_STANDARD" />
    <property name="eclipse.pdebuild.templates" value="/C:/Users/Choucair/eclipse/java-neon/eclipse/../../../.p2/pool/plugins/org.eclipse.pde.build_3.9.200.v20160204-0642/templates/" />
    <property name="sun.management.compiler" value="HotSpot 64-Bit Tiered Compilers" />
    <property name="env.PROMPT" value="$P$G" />
    <property name="env.DriverData" value="C:\Windows\System32\Drivers\DriverData" />
    <property name="os.name" value="Windows 10" />
    <property name="sun.boot.class.path" value="C:\Program Files\Java\jre1.8.0_191\lib\resources.jar;C:\Program Files\Java\jre1.8.0_191\lib\rt.jar;C:\Program Files\Java\jre1.8.0_191\lib\sunrsasign.jar;C:\Program Files\Java\jre1.8.0_191\lib\jsse.jar;C:\Program Files\Java\jre1.8.0_191\lib\jce.jar;C:\Program Files\Java\jre1.8.0_191\lib\charsets.jar;C:\Program Files\Java\jre1.8.0_191\lib\jfr.jar;C:\Program Files\Java\jre1.8.0_191\classes" />
    <property name="env.COMPUTERNAME" value="DESKTOP-HKD7AL0" />
    <property name="env.CommonProgramW6432" value="C:\Program Files\Common Files" />
    <property name="env.ALLUSERSPROFILE" value="C:\ProgramData" />
    <property name="sun.desktop" value="windows" />
    <property name="java.vm.specification.vendor" value="Oracle Corporation" />
    <property name="ant.home" value="C:\Users\Choucair\.p2\pool\plugins\org.apache.ant_1.9.6.v201510161327" />
    <property name="java.runtime.version" value="1.8.0_191-b12" />
    <property name="env.HOMEPATH" value="\Users\Choucair" />
    <property name="user.name" value="Choucair" />
    <property name="user.language" value="es" />
    <property name="sun.boot.library.path" value="C:\Program Files\Java\jre1.8.0_191\bin" />
    <property name="ant.file.com.choucair.formacion" value="D:\Proyecto Marco ColorLib TDD\com.choucair.base\build.xml" />
    <property name="ant.project.default-target" value="build" />
    <property name="ant.project.name" value="com.choucair.formacion" />
    <property name="java.version" value="1.8.0_191" />
    <property name="env.PROCESSOR_IDENTIFIER" value="Intel64 Family 6 Model 78 Stepping 3, GenuineIntel" />
    <property name="user.timezone" value="" />
    <property name="env.TEMP" value="C:\Users\Choucair\AppData\Local\Temp" />
    <property name="sun.arch.data.model" value="64" />
    <property name="java.endorsed.dirs" value="C:\Program Files\Java\jre1.8.0_191\lib\endorsed" />
    <property name="sun.cpu.isalist" value="amd64" />
    <property name="env.HOMEDRIVE" value="C:" />
    <property name="sun.jnu.encoding" value="Cp1252" />
    <property name="file.encoding.pkg" value="sun.io" />
    <property name="ECLIPSE_HOME" value="C:/Users/Choucair/eclipse/java-neon/eclipse/" />
    <property name="file.separator" value="\" />
    <property name="java.specification.name" value="Java Platform API Specification" />
    <property name="java.class.version" value="52.0" />
    <property name="user.country" value="PE" />
    <property name="java.home" value="C:\Program Files\Java\jre1.8.0_191" />
    <property name="env.PSModulePath" value="C:\Program Files (x86)\WindowsPowerShell\Modules;C:\WINDOWS\system32\WindowsPowerShell\v1.0\Modules;C:\Program Files (x86)\AutoIt3\AutoItX" />
    <property name="env.APPDATA" value="C:\Users\Choucair\AppData\Roaming" />
    <property name="env.PUBLIC" value="C:\Users\Public" />
    <property name="java.vm.info" value="mixed mode" />
    <property name="env.ComSpec" value="C:\WINDOWS\system32\cmd.exe" />
    <property name="env.OS" value="Windows_NT" />
    <property name="env.CommonProgramFiles" value="C:\Program Files\Common Files" />
    <property name="ant.file" value="D:\Proyecto Marco ColorLib TDD\com.choucair.base\build.xml" />
    <property name="os.version" value="10.0" />
    <property name="env.ProgramW6432" value="C:\Program Files" />
    <property name="path.separator" value=";" />
    <property name="java.vm.version" value="25.191-b12" />
    <property name="user.variant" value="" />
    <property name="env.USERPROFILE" value="C:\Users\Choucair" />
    <property name="ant.library.dir" value="C:\Users\Choucair\.p2\pool\plugins\org.apache.ant_1.9.6.v201510161327\lib" />
    <property name="junit.output.dir" value="junit" />
    <property name="env.JAVA_HOME" value="C:\Program Files\Java\jdk1.8.0_191" />
    <property name="java.awt.printerjob" value="sun.awt.windows.WPrinterJob" />
    <property name="env.TMP" value="C:\Users\Choucair\AppData\Local\Temp" />
    <property name="sun.io.unicode.encoding" value="UnicodeLittle" />
    <property name="awt.toolkit" value="sun.awt.windows.WToolkit" />
    <property name="user.script" value="" />
    <property name="eclipse.pdebuild.scripts" value="/C:/Users/Choucair/eclipse/java-neon/eclipse/../../../.p2/pool/plugins/org.eclipse.pde.build_3.9.200.v20160204-0642/scripts/" />
    <property name="user.home" value="C:\Users\Choucair" />
    <property name="target" value="1.8" />
    <property name="env.ProgramData" value="C:\ProgramData" />
    <property name="env.SESSIONNAME" value="Console" />
    <property name="env.ProgramFiles(x86)" value="C:\Program Files (x86)" />
    <property name="java.specification.vendor" value="Oracle Corporation" />
    <property name="env.M2_HOME" value="C:\apache-maven-3.6.0" />
    <property name="java.vendor.url" value="http://java.oracle.com/" />
    <property name="java.library.path" value="C:\Program Files\Java\jre1.8.0_191\bin;C:\WINDOWS\Sun\Java\bin;C:\WINDOWS\system32;C:\WINDOWS;C:/Program Files/Java/jre1.8.0_191/bin/server;C:/Program Files/Java/jre1.8.0_191/bin;C:/Program Files/Java/jre1.8.0_191/lib/amd64;C:\Program Files (x86)\Common Files\Oracle\Java\javapath;C:\WINDOWS\system32;C:\WINDOWS;C:\WINDOWS\System32\Wbem;C:\WINDOWS\System32\WindowsPowerShell\v1.0\;C:\WINDOWS\System32\OpenSSH\;C:\apache-maven-3.6.0\bin;C:\Program Files\Git\cmd;C:\Users\Choucair\AppData\Local\Microsoft\WindowsApps;;C:\Users\Choucair\Desktop;;." />
    <property name="env.NUMBER_OF_PROCESSORS" value="4" />
    <property name="java.vm.vendor" value="Oracle Corporation" />
    <property name="ant.file.type.com.choucair.formacion" value="file" />
    <property name="java.runtime.name" value="Java(TM) SE Runtime Environment" />
    <property name="ant.version" value="Apache Ant(TM) version 1.9.6 compiled on June 29 2015" />
    <property name="sun.java.command" value="org.apache.tools.ant.taskdefs.optional.junit.JUnitTestRunner com.choucair.formacion.RunnerTags skipNonTests=false filtertrace=true haltOnError=false haltOnFailure=false formatter=org.apache.tools.ant.taskdefs.optional.junit.OutErrSummaryJUnitResultFormatter showoutput=false outputtoformatters=true logfailedtests=true threadid=0 logtestlistenerevents=false formatter=org.apache.tools.ant.taskdefs.optional.junit.XMLJUnitResultFormatter,D:\Proyecto Marco ColorLib TDD\com.choucair.base\junit\TEST-com.choucair.formacion.RunnerTags.xml crashfile=D:\Proyecto Marco ColorLib TDD\com.choucair.base\junitvmwatcher7964385910370176950.properties propsfile=D:\Proyecto Marco ColorLib TDD\com.choucair.base\junit8051889121159280561.properties" />
    <property name="java.class.path" value="D:\Proyecto Marco ColorLib TDD\com.choucair.base\target\classes;D:\Proyecto Marco ColorLib TDD\com.choucair.base\target\test-classes;C:\Users\Choucair\.m2\repository\net\serenity-bdd\serenity-core\1.5.7\serenity-core-1.5.7.jar;C:\Users\Choucair\.m2\repository\com\google\guava\guava\22.0\guava-22.0.jar;C:\Users\Choucair\.m2\repository\com\google\code\findbugs\jsr305\1.3.9\jsr305-1.3.9.jar;C:\Users\Choucair\.m2\repository\com\google\errorprone\error_prone_annotations\2.0.18\error_prone_annotations-2.0.18.jar;C:\Users\Choucair\.m2\repository\com\google\j2objc\j2objc-annotations\1.1\j2objc-annotations-1.1.jar;C:\Users\Choucair\.m2\repository\org\codehaus\mojo\animal-sniffer-annotations\1.14\animal-sniffer-annotations-1.14.jar;C:\Users\Choucair\.m2\repository\com\google\inject\guice\4.1.0\guice-4.1.0.jar;C:\Users\Choucair\.m2\repository\javax\inject\javax.inject\1\javax.inject-1.jar;C:\Users\Choucair\.m2\repository\aopalliance\aopalliance\1.0\aopalliance-1.0.jar;C:\Users\Choucair\.m2\repository\cglib\cglib\3.2.5\cglib-3.2.5.jar;C:\Users\Choucair\.m2\repository\org\apache\ant\ant\1.9.6\ant-1.9.6.jar;C:\Users\Choucair\.m2\repository\org\apache\ant\ant-launcher\1.9.6\ant-launcher-1.9.6.jar;C:\Users\Choucair\.m2\repository\org\ow2\asm\asm\5.0.3\asm-5.0.3.jar;C:\Users\Choucair\.m2\repository\commons-codec\commons-codec\1.9\commons-codec-1.9.jar;C:\Users\Choucair\.m2\repository\org\objenesis\objenesis\2.6\objenesis-2.6.jar;C:\Users\Choucair\.m2\repository\org\slf4j\slf4j-api\1.7.21\slf4j-api-1.7.21.jar;C:\Users\Choucair\.m2\repository\xml-apis\xml-apis\1.4.01\xml-apis-1.4.01.jar;C:\Users\Choucair\.m2\repository\info\cukes\cucumber-core\1.2.5\cucumber-core-1.2.5.jar;C:\Users\Choucair\.m2\repository\info\cukes\cucumber-html\0.2.3\cucumber-html-0.2.3.jar;C:\Users\Choucair\.m2\repository\info\cukes\cucumber-jvm-deps\1.0.5\cucumber-jvm-deps-1.0.5.jar;C:\Users\Choucair\.m2\repository\info\cukes\gherkin\2.12.2\gherkin-2.12.2.jar;C:\Users\Choucair\.m2\repository\commons-logging\commons-logging\1.2\commons-logging-1.2.jar;C:\Users\Choucair\.m2\repository\junit\junit\4.12\junit-4.12.jar;C:\Users\Choucair\.m2\repository\org\mockito\mockito-core\1.10.19\mockito-core-1.10.19.jar;C:\Users\Choucair\.m2\repository\net\bytebuddy\byte-buddy\1.7.1\byte-buddy-1.7.1.jar;C:\Users\Choucair\.m2\repository\io\vavr\vavr\0.9.0\vavr-0.9.0.jar;C:\Users\Choucair\.m2\repository\io\vavr\vavr-match\0.9.0\vavr-match-0.9.0.jar;C:\Users\Choucair\.m2\repository\net\serenity-bdd\serenity-report-resources\1.5.7\serenity-report-resources-1.5.7.jar;C:\Users\Choucair\.m2\repository\com\google\code\gson\gson\2.8.0\gson-2.8.0.jar;C:\Users\Choucair\.m2\repository\commons-io\commons-io\2.5\commons-io-2.5.jar;C:\Users\Choucair\.m2\repository\com\opera\operadriver\1.5\operadriver-1.5.jar;C:\Users\Choucair\.m2\repository\com\opera\operalaunchers\1.1\operalaunchers-1.1.jar;C:\Users\Choucair\.m2\repository\com\google\protobuf\protobuf-java\2.4.1\protobuf-java-2.4.1.jar;C:\Users\Choucair\.m2\repository\commons-jxpath\commons-jxpath\1.3\commons-jxpath-1.3.jar;C:\Users\Choucair\.m2\repository\org\ini4j\ini4j\0.5.2\ini4j-0.5.2.jar;C:\Users\Choucair\.m2\repository\org\seleniumhq\selenium\selenium-server\3.5.2\selenium-server-3.5.2.jar;C:\Users\Choucair\.m2\repository\org\seleniumhq\selenium\selenium-java\3.5.2\selenium-java-3.5.2.jar;C:\Users\Choucair\.m2\repository\org\seleniumhq\selenium\selenium-api\3.5.2\selenium-api-3.5.2.jar;C:\Users\Choucair\.m2\repository\org\seleniumhq\selenium\selenium-chrome-driver\3.5.2\selenium-chrome-driver-3.5.2.jar;C:\Users\Choucair\.m2\repository\org\seleniumhq\selenium\selenium-edge-driver\3.5.2\selenium-edge-driver-3.5.2.jar;C:\Users\Choucair\.m2\repository\org\seleniumhq\selenium\selenium-firefox-driver\3.5.2\selenium-firefox-driver-3.5.2.jar;C:\Users\Choucair\.m2\repository\org\seleniumhq\selenium\selenium-ie-driver\3.5.2\selenium-ie-driver-3.5.2.jar;C:\Users\Choucair\.m2\repository\org\seleniumhq\selenium\selenium-opera-driver\3.5.2\selenium-opera-driver-3.5.2.jar;C:\Users\Choucair\.m2\repository\org\seleniumhq\selenium\selenium-remote-driver\3.5.2\selenium-remote-driver-3.5.2.jar;C:\Users\Choucair\.m2\repository\org\seleniumhq\selenium\selenium-safari-driver\3.5.2\selenium-safari-driver-3.5.2.jar;C:\Users\Choucair\.m2\repository\org\seleniumhq\selenium\selenium-support\3.5.2\selenium-support-3.5.2.jar;C:\Users\Choucair\.m2\repository\com\beust\jcommander\1.48\jcommander-1.48.jar;C:\Users\Choucair\.m2\repository\org\apache\commons\commons-exec\1.3\commons-exec-1.3.jar;C:\Users\Choucair\.m2\repository\org\w3c\css\sac\1.3\sac-1.3.jar;C:\Users\Choucair\.m2\repository\net\sourceforge\cssparser\cssparser\0.9.23\cssparser-0.9.23.jar;C:\Users\Choucair\.m2\repository\net\sourceforge\htmlunit\htmlunit-core-js\2.27\htmlunit-core-js-2.27.jar;C:\Users\Choucair\.m2\repository\net\sourceforge\htmlunit\neko-htmlunit\2.27\neko-htmlunit-2.27.jar;C:\Users\Choucair\.m2\repository\org\apache\httpcomponents\httpcore\4.4.6\httpcore-4.4.6.jar;C:\Users\Choucair\.m2\repository\net\jcip\jcip-annotations\1.0\jcip-annotations-1.0.jar;C:\Users\Choucair\.m2\repository\org\seleniumhq\selenium\jetty-repacked\9.4.5.v20170502\jetty-repacked-9.4.5.v20170502.jar;C:\Users\Choucair\.m2\repository\org\eclipse\jetty\jetty-client\9.4.5.v20170502\jetty-client-9.4.5.v20170502.jar;C:\Users\Choucair\.m2\repository\org\eclipse\jetty\jetty-http\9.4.5.v20170502\jetty-http-9.4.5.v20170502.jar;C:\Users\Choucair\.m2\repository\net\java\dev\jna\jna\4.1.0\jna-4.1.0.jar;C:\Users\Choucair\.m2\repository\net\java\dev\jna\jna-platform\4.1.0\jna-platform-4.1.0.jar;C:\Users\Choucair\.m2\repository\javax\servlet\javax.servlet-api\3.1.0\javax.servlet-api-3.1.0.jar;C:\Users\Choucair\.m2\repository\org\eclipse\jetty\websocket\websocket-api\9.4.5.v20170502\websocket-api-9.4.5.v20170502.jar;C:\Users\Choucair\.m2\repository\org\eclipse\jetty\websocket\websocket-client\9.4.5.v20170502\websocket-client-9.4.5.v20170502.jar;C:\Users\Choucair\.m2\repository\org\eclipse\jetty\websocket\websocket-common\9.4.5.v20170502\websocket-common-9.4.5.v20170502.jar;C:\Users\Choucair\.m2\repository\xerces\xercesImpl\2.11.0\xercesImpl-2.11.0.jar;C:\Users\Choucair\.m2\repository\org\yaml\snakeyaml\1.15\snakeyaml-1.15.jar;C:\Users\Choucair\.m2\repository\com\codeborne\phantomjsdriver\1.4.3\phantomjsdriver-1.4.3.jar;C:\Users\Choucair\.m2\repository\org\eclipse\jetty\jetty-util\9.4.5.v20170502\jetty-util-9.4.5.v20170502.jar;C:\Users\Choucair\.m2\repository\org\eclipse\jetty\jetty-io\9.4.5.v20170502\jetty-io-9.4.5.v20170502.jar;C:\Users\Choucair\.m2\repository\org\seleniumhq\selenium\htmlunit-driver\2.27\htmlunit-driver-2.27.jar;C:\Users\Choucair\.m2\repository\io\appium\java-client\5.0.0-BETA9\java-client-5.0.0-BETA9.jar;C:\Users\Choucair\.m2\repository\commons-validator\commons-validator\1.6\commons-validator-1.6.jar;C:\Users\Choucair\.m2\repository\commons-beanutils\commons-beanutils\1.9.2\commons-beanutils-1.9.2.jar;C:\Users\Choucair\.m2\repository\commons-digester\commons-digester\1.8.1\commons-digester-1.8.1.jar;C:\Users\Choucair\.m2\repository\org\springframework\spring-context\4.3.8.RELEASE\spring-context-4.3.8.RELEASE.jar;C:\Users\Choucair\.m2\repository\org\springframework\spring-aop\4.3.8.RELEASE\spring-aop-4.3.8.RELEASE.jar;C:\Users\Choucair\.m2\repository\org\springframework\spring-beans\4.3.8.RELEASE\spring-beans-4.3.8.RELEASE.jar;C:\Users\Choucair\.m2\repository\org\springframework\spring-core\4.3.8.RELEASE\spring-core-4.3.8.RELEASE.jar;C:\Users\Choucair\.m2\repository\org\springframework\spring-expression\4.3.8.RELEASE\spring-expression-4.3.8.RELEASE.jar;C:\Users\Choucair\.m2\repository\org\aspectj\aspectjweaver\1.8.10\aspectjweaver-1.8.10.jar;C:\Users\Choucair\.m2\repository\org\openpnp\opencv\3.2.0-1\opencv-3.2.0-1.jar;C:\Users\Choucair\.m2\repository\org\codehaus\groovy\groovy\2.4.11\groovy-2.4.11.jar;C:\Users\Choucair\.m2\repository\net\sf\opencsv\opencsv\2.0\opencsv-2.0.jar;C:\Users\Choucair\.m2\repository\commons-beanutils\commons-beanutils-core\1.8.3\commons-beanutils-core-1.8.3.jar;C:\Users\Choucair\.m2\repository\com\googlecode\lambdaj\lambdaj\2.3.3\lambdaj-2.3.3.jar;C:\Users\Choucair\.m2\repository\joda-time\joda-time\2.7\joda-time-2.7.jar;C:\Users\Choucair\.m2\repository\com\thoughtworks\xstream\xstream\1.4.9\xstream-1.4.9.jar;C:\Users\Choucair\.m2\repository\xmlpull\xmlpull\1.1.3.1\xmlpull-1.1.3.1.jar;C:\Users\Choucair\.m2\repository\xpp3\xpp3_min\1.1.4c\xpp3_min-1.1.4c.jar;C:\Users\Choucair\.m2\repository\org\apache\commons\commons-lang3\3.4\commons-lang3-3.4.jar;C:\Users\Choucair\.m2\repository\commons-collections\commons-collections\3.2.2\commons-collections-3.2.2.jar;C:\Users\Choucair\.m2\repository\org\freemarker\freemarker\2.3.23\freemarker-2.3.23.jar;C:\Users\Choucair\.m2\repository\net\sourceforge\jexcelapi\jxl\2.6.12\jxl-2.6.12.jar;C:\Users\Choucair\.m2\repository\org\hamcrest\hamcrest-core\1.3\hamcrest-core-1.3.jar;C:\Users\Choucair\.m2\repository\org\hamcrest\hamcrest-library\1.3\hamcrest-library-1.3.jar;C:\Users\Choucair\.m2\repository\net\sourceforge\htmlunit\htmlunit\2.27\htmlunit-2.27.jar;C:\Users\Choucair\.m2\repository\org\apache\httpcomponents\httpclient\4.5.3\httpclient-4.5.3.jar;C:\Users\Choucair\.m2\repository\org\apache\httpcomponents\httpmime\4.5.3\httpmime-4.5.3.jar;C:\Users\Choucair\.m2\repository\org\fluentlenium\fluentlenium-core\0.10.2\fluentlenium-core-0.10.2.jar;C:\Users\Choucair\.m2\repository\com\jhlabs\filters\2.0.235\filters-2.0.235.jar;C:\Users\Choucair\.m2\repository\org\asciidoctor\asciidoctor-java-integration\0.1.4\asciidoctor-java-integration-0.1.4.jar;C:\Users\Choucair\.m2\repository\org\jruby\jruby-complete\1.7.4\jruby-complete-1.7.4.jar;C:\Users\Choucair\.m2\repository\org\imgscalr\imgscalr-lib\4.2\imgscalr-lib-4.2.jar;C:\Users\Choucair\.m2\repository\javax\validation\validation-api\1.1.0.Final\validation-api-1.1.0.Final.jar;C:\Users\Choucair\.m2\repository\org\hibernate\hibernate-validator\5.1.1.Final\hibernate-validator-5.1.1.Final.jar;C:\Users\Choucair\.m2\repository\org\jboss\logging\jboss-logging\3.1.3.GA\jboss-logging-3.1.3.GA.jar;C:\Users\Choucair\.m2\repository\com\fasterxml\classmate\1.0.0\classmate-1.0.0.jar;C:\Users\Choucair\.m2\repository\javax\el\javax.el-api\2.2.4\javax.el-api-2.2.4.jar;C:\Users\Choucair\.m2\repository\org\glassfish\web\javax.el\2.2.4\javax.el-2.2.4.jar;C:\Users\Choucair\.m2\repository\xalan\xalan\2.7.2\xalan-2.7.2.jar;C:\Users\Choucair\.m2\repository\xalan\serializer\2.7.2\serializer-2.7.2.jar;C:\Users\Choucair\.m2\repository\org\awaitility\awaitility\3.0.0\awaitility-3.0.0.jar;C:\Users\Choucair\.m2\repository\com\typesafe\config\1.3.1\config-1.3.1.jar;C:\Users\Choucair\.m2\repository\org\jsoup\jsoup\1.10.3\jsoup-1.10.3.jar;C:\Users\Choucair\.m2\repository\com\google\jimfs\jimfs\1.1\jimfs-1.1.jar;C:\Users\Choucair\.m2\repository\es\nitaur\markdown\txtmark\0.16\txtmark-0.16.jar;C:\Users\Choucair\.m2\repository\com\vladsch\flexmark\flexmark-all\0.26.4\flexmark-all-0.26.4.jar;C:\Users\Choucair\.m2\repository\com\vladsch\flexmark\flexmark\0.26.4\flexmark-0.26.4.jar;C:\Users\Choucair\.m2\repository\com\vladsch\flexmark\flexmark-ext-abbreviation\0.26.4\flexmark-ext-abbreviation-0.26.4.jar;C:\Users\Choucair\.m2\repository\com\vladsch\flexmark\flexmark-ext-anchorlink\0.26.4\flexmark-ext-anchorlink-0.26.4.jar;C:\Users\Choucair\.m2\repository\com\vladsch\flexmark\flexmark-ext-aside\0.26.4\flexmark-ext-aside-0.26.4.jar;C:\Users\Choucair\.m2\repository\com\vladsch\flexmark\flexmark-ext-autolink\0.26.4\flexmark-ext-autolink-0.26.4.jar;C:\Users\Choucair\.m2\repository\org\nibor\autolink\autolink\0.6.0\autolink-0.6.0.jar;C:\Users\Choucair\.m2\repository\com\vladsch\flexmark\flexmark-ext-definition\0.26.4\flexmark-ext-definition-0.26.4.jar;C:\Users\Choucair\.m2\repository\com\vladsch\flexmark\flexmark-ext-emoji\0.26.4\flexmark-ext-emoji-0.26.4.jar;C:\Users\Choucair\.m2\repository\com\vladsch\flexmark\flexmark-ext-escaped-character\0.26.4\flexmark-ext-escaped-character-0.26.4.jar;C:\Users\Choucair\.m2\repository\com\vladsch\flexmark\flexmark-ext-footnotes\0.26.4\flexmark-ext-footnotes-0.26.4.jar;C:\Users\Choucair\.m2\repository\com\vladsch\flexmark\flexmark-ext-gfm-issues\0.26.4\flexmark-ext-gfm-issues-0.26.4.jar;C:\Users\Choucair\.m2\repository\com\vladsch\flexmark\flexmark-ext-gfm-strikethrough\0.26.4\flexmark-ext-gfm-strikethrough-0.26.4.jar;C:\Users\Choucair\.m2\repository\com\vladsch\flexmark\flexmark-ext-gfm-tables\0.26.4\flexmark-ext-gfm-tables-0.26.4.jar;C:\Users\Choucair\.m2\repository\com\vladsch\flexmark\flexmark-ext-gfm-tasklist\0.26.4\flexmark-ext-gfm-tasklist-0.26.4.jar;C:\Users\Choucair\.m2\repository\com\vladsch\flexmark\flexmark-ext-gfm-users\0.26.4\flexmark-ext-gfm-users-0.26.4.jar;C:\Users\Choucair\.m2\repository\com\vladsch\flexmark\flexmark-ext-jekyll-front-matter\0.26.4\flexmark-ext-jekyll-front-matter-0.26.4.jar;C:\Users\Choucair\.m2\repository\com\vladsch\flexmark\flexmark-ext-jekyll-tag\0.26.4\flexmark-ext-jekyll-tag-0.26.4.jar;C:\Users\Choucair\.m2\repository\com\vladsch\flexmark\flexmark-ext-ins\0.26.4\flexmark-ext-ins-0.26.4.jar;C:\Users\Choucair\.m2\repository\com\vladsch\flexmark\flexmark-ext-xwiki-macros\0.26.4\flexmark-ext-xwiki-macros-0.26.4.jar;C:\Users\Choucair\.m2\repository\com\vladsch\flexmark\flexmark-ext-superscript\0.26.4\flexmark-ext-superscript-0.26.4.jar;C:\Users\Choucair\.m2\repository\com\vladsch\flexmark\flexmark-ext-tables\0.26.4\flexmark-ext-tables-0.26.4.jar;C:\Users\Choucair\.m2\repository\com\vladsch\flexmark\flexmark-ext-toc\0.26.4\flexmark-ext-toc-0.26.4.jar;C:\Users\Choucair\.m2\repository\com\vladsch\flexmark\flexmark-ext-typographic\0.26.4\flexmark-ext-typographic-0.26.4.jar;C:\Users\Choucair\.m2\repository\com\vladsch\flexmark\flexmark-ext-wikilink\0.26.4\flexmark-ext-wikilink-0.26.4.jar;C:\Users\Choucair\.m2\repository\com\vladsch\flexmark\flexmark-ext-yaml-front-matter\0.26.4\flexmark-ext-yaml-front-matter-0.26.4.jar;C:\Users\Choucair\.m2\repository\com\vladsch\flexmark\flexmark-formatter\0.26.4\flexmark-formatter-0.26.4.jar;C:\Users\Choucair\.m2\repository\com\vladsch\flexmark\flexmark-html-parser\0.26.4\flexmark-html-parser-0.26.4.jar;C:\Users\Choucair\.m2\repository\com\vladsch\flexmark\flexmark-jira-converter\0.26.4\flexmark-jira-converter-0.26.4.jar;C:\Users\Choucair\.m2\repository\com\vladsch\flexmark\flexmark-pdf-converter\0.26.4\flexmark-pdf-converter-0.26.4.jar;C:\Users\Choucair\.m2\repository\com\openhtmltopdf\openhtmltopdf-core\0.0.1-RC9\openhtmltopdf-core-0.0.1-RC9.jar;C:\Users\Choucair\.m2\repository\com\openhtmltopdf\openhtmltopdf-pdfbox\0.0.1-RC9\openhtmltopdf-pdfbox-0.0.1-RC9.jar;C:\Users\Choucair\.m2\repository\org\apache\pdfbox\pdfbox\2.0.4\pdfbox-2.0.4.jar;C:\Users\Choucair\.m2\repository\org\apache\pdfbox\fontbox\2.0.4\fontbox-2.0.4.jar;C:\Users\Choucair\.m2\repository\com\openhtmltopdf\openhtmltopdf-rtl-support\0.0.1-RC9\openhtmltopdf-rtl-support-0.0.1-RC9.jar;C:\Users\Choucair\.m2\repository\com\ibm\icu\icu4j\58.1\icu4j-58.1.jar;C:\Users\Choucair\.m2\repository\com\openhtmltopdf\openhtmltopdf-jsoup-dom-converter\0.0.1-RC9\openhtmltopdf-jsoup-dom-converter-0.0.1-RC9.jar;C:\Users\Choucair\.m2\repository\com\vladsch\flexmark\flexmark-profile-pegdown\0.26.4\flexmark-profile-pegdown-0.26.4.jar;C:\Users\Choucair\.m2\repository\com\vladsch\flexmark\flexmark-util\0.26.4\flexmark-util-0.26.4.jar;C:\Users\Choucair\.m2\repository\com\vladsch\flexmark\flexmark-youtrack-converter\0.26.4\flexmark-youtrack-converter-0.26.4.jar;C:\Users\Choucair\.m2\repository\net\serenity-bdd\serenity-junit\1.5.7\serenity-junit-1.5.7.jar;C:\Users\Choucair\.m2\repository\net\serenity-bdd\serenity-rest-assured\1.5.7\serenity-rest-assured-1.5.7.jar;C:\Users\Choucair\.m2\repository\io\rest-assured\rest-assured\3.0.2\rest-assured-3.0.2.jar;C:\Users\Choucair\.m2\repository\org\codehaus\groovy\groovy-xml\2.4.6\groovy-xml-2.4.6.jar;C:\Users\Choucair\.m2\repository\org\ccil\cowan\tagsoup\tagsoup\1.2.1\tagsoup-1.2.1.jar;C:\Users\Choucair\.m2\repository\io\rest-assured\json-path\3.0.2\json-path-3.0.2.jar;C:\Users\Choucair\.m2\repository\org\codehaus\groovy\groovy-json\2.4.6\groovy-json-2.4.6.jar;C:\Users\Choucair\.m2\repository\io\rest-assured\rest-assured-common\3.0.2\rest-assured-common-3.0.2.jar;C:\Users\Choucair\.m2\repository\io\rest-assured\xml-path\3.0.2\xml-path-3.0.2.jar;C:\Users\Choucair\.m2\repository\net\serenity-bdd\serenity-cucumber\1.1.36\serenity-cucumber-1.1.36.jar;C:\Users\Choucair\.m2\repository\net\serenity-bdd\serenity-screenplay\1.4.1-rc.7\serenity-screenplay-1.4.1-rc.7.jar;C:\Users\Choucair\.m2\repository\net\serenity-bdd\serenity-screenplay-webdriver\1.4.1-rc.7\serenity-screenplay-webdriver-1.4.1-rc.7.jar;C:\Users\Choucair\.m2\repository\info\cukes\cucumber-java\1.2.5\cucumber-java-1.2.5.jar;C:\Users\Choucair\.m2\repository\info\cukes\cucumber-junit\1.2.5\cucumber-junit-1.2.5.jar;C:\Users\Choucair\.m2\repository\org\slf4j\slf4j-simple\1.6.1\slf4j-simple-1.6.1.jar;C:\Users\Choucair\.m2\repository\org\codehaus\groovy\groovy-all\1.8.6\groovy-all-1.8.6.jar;C:\Users\Choucair\.m2\repository\org\assertj\assertj-core\3.8.0\assertj-core-3.8.0.jar;C:\Users\Choucair\.p2\pool\plugins\org.junit_4.12.0.v201504281640\junit.jar;C:\Users\Choucair\.p2\pool\plugins\org.hamcrest.core_1.3.0.v201303031735.jar;C:\Users\Choucair\Downloads\junit-4.12.jar;C:\Users\Choucair\.p2\pool\plugins\org.apache.ant_1.9.6.v201510161327\lib\ant-launcher.jar;C:\Users\Choucair\.p2\pool\plugins\org.apache.ant_1.9.6.v201510161327\lib\ant.jar;C:\Users\Choucair\.p2\pool\plugins\org.apache.ant_1.9.6.v201510161327\lib\ant-junit.jar;C:\Users\Choucair\.p2\pool\plugins\org.apache.ant_1.9.6.v201510161327\lib\ant-junit4.jar" />
    <property name="java.vm.specification.name" value="Java Virtual Machine Specification" />
    <property name="env.windir" value="C:\WINDOWS" />
    <property name="env.LOGONSERVER" value="\\DESKTOP-HKD7AL0" />
    <property name="java.vm.specification.version" value="1.8" />
    <property name="env.PROCESSOR_ARCHITECTURE" value="AMD64" />
    <property name="sun.os.patch.level" value="" />
    <property name="sun.cpu.endian" value="little" />
    <property name="debuglevel" value="source,lines,vars" />
    <property name="env.OneDrive" value="C:\Users\Choucair\OneDrive" />
    <property name="env.ANT_HOME" value="C:\Users\Choucair\.p2\pool\plugins\org.apache.ant_1.9.6.v201510161327" />
    <property name="env.ProgramFiles" value="C:\Program Files" />
    <property name="java.io.tmpdir" value="C:\Users\Choucair\AppData\Local\Temp\" />
    <property name="env.PROCESSOR_REVISION" value="4e03" />
    <property name="eclipse.pdebuild.home" value="/C:/Users/Choucair/eclipse/java-neon/eclipse/../../../.p2/pool/plugins/org.eclipse.pde.build_3.9.200.v20160204-0642/./" />
    <property name="env.CommonProgramFiles(x86)" value="C:\Program Files (x86)\Common Files" />
    <property name="java.vendor.url.bug" value="http://bugreport.sun.com/bugreport/" />
    <property name="env.SystemRoot" value="C:\WINDOWS" />
    <property name="java.awt.graphicsenv" value="sun.awt.Win32GraphicsEnvironment" />
    <property name="os.arch" value="amd64" />
    <property name="java.ext.dirs" value="C:\Program Files\Java\jre1.8.0_191\lib\ext;C:\WINDOWS\Sun\Java\lib\ext" />
    <property name="env.LOCALAPPDATA" value="C:\Users\Choucair\AppData\Local" />
    <property name="user.dir" value="D:\Proyecto Marco ColorLib TDD\com.choucair.base" />
    <property name="line.separator" value="&#xd;&#xa;" />
    <property name="java.vm.name" value="Java HotSpot(TM) 64-Bit Server VM" />
    <property name="env.PATHEXT" value=".COM;.EXE;.BAT;.CMD;.VBS;.VBE;.JS;.JSE;.WSF;.WSH;.MSC" />
    <property name="env.Path" value="C:/Program Files/Java/jre1.8.0_191/bin/server;C:/Program Files/Java/jre1.8.0_191/bin;C:/Program Files/Java/jre1.8.0_191/lib/amd64;C:\Program Files (x86)\Common Files\Oracle\Java\javapath;C:\WINDOWS\system32;C:\WINDOWS;C:\WINDOWS\System32\Wbem;C:\WINDOWS\System32\WindowsPowerShell\v1.0\;C:\WINDOWS\System32\OpenSSH\;C:\apache-maven-3.6.0\bin;C:\Program Files\Git\cmd;C:\Users\Choucair\AppData\Local\Microsoft\WindowsApps;;C:\Users\Choucair\Desktop;" />
    <property name="basedir" value="D:\Proyecto Marco ColorLib TDD\com.choucair.base" />
    <property name="ant.java.version" value="1.8" />
    <property name="ant.core.lib" value="C:\Users\Choucair\.p2\pool\plugins\org.apache.ant_1.9.6.v201510161327\lib\ant.jar" />
    <property name="env.USERNAME" value="Choucair" />
    <property name="source" value="1.8" />
    <property name="env.SystemDrive" value="C:" />
    <property name="file.encoding" value="Cp1252" />
    <property name="env.USERDOMAIN" value="DESKTOP-HKD7AL0" />
    <property name="java.specification.version" value="1.8" />
    <property name="ant.project.invoked-targets" value="build,RunnerTags,junitreport" />
    <property name="env.PROCESSOR_LEVEL" value="6" />
  </properties>
  <testcase classname="Scenario: Diligenciamiento exitoso del formulario Popup Validation" name="Given Autentico en ColorLib con usuario &quot;demo&quot; y clave &quot;demo&quot;" time="0.001" />
  <testcase classname="Scenario: Diligenciamiento exitoso del formulario Popup Validation" name="And Ingreso a la funcionalidad Forms Validation" time="0.0" />
  <testcase classname="Scenario: Diligenciamiento exitoso del formulario Popup Validation" name="When Diligencio Formulario Popup Validation" time="0.0" />
  <testcase classname="Scenario: Diligenciamiento exitoso del formulario Popup Validation" name="Then Verifico Ingreso Exitoso" time="0.0" />
  <testcase classname="junit.framework.TestSuite" name="Scenario: Diligenciamiento exitoso del formulario Popup Validation" time="12.033" />
  <system-out><![CDATA[Setting runtime options in createRuntime()

1 Scenarios ([32m1 passed[0m)
4 Steps ([32m4 passed[0m)
0m8,630s

]]></system-out>
  <system-err><![CDATA[712 [main] INFO net.serenitybdd.core.Serenity - 

-------------------------------------------------------------------------------------
     _______. _______ .______       _______ .__   __.  __  .___________.____    ____ 
    /       ||   ____||   _  \     |   ____||  \ |  | |  | |           |\   \  /   / 
   |   (----`|  |__   |  |_)  |    |  |__   |   \|  | |  | `---|  |----` \   \/   /  
    \   \    |   __|  |      /     |   __|  |  . `  | |  |     |  |       \_    _/   
.----)   |   |  |____ |  |\  \----.|  |____ |  |\   | |  |     |  |         |  |     
|_______/    |_______|| _| `._____||_______||__| \__| |__|     |__|         |__|    
-------------------------------------------------------------------------------------

714 [main] INFO net.serenitybdd.core.Serenity - Test Suite Started: Formulario Popup Validation
885 [main] INFO net.serenitybdd.core.Serenity - 
 _____ _____ ____ _____   ____ _____  _    ____ _____ _____ ____  
|_   _| ____/ ___|_   _| / ___|_   _|/ \  |  _ \_   _| ____|  _ \ 
  | | |  _| \___ \ | |   \___ \ | | / _ \ | |_) || | |  _| | | | |
  | | | |___ ___) || |    ___) || |/ ___ \|  _ < | | | |___| |_| |
  |_| |_____|____/ |_|   |____/ |_/_/   \_\_| \_\|_| |_____|____/ 
                                                                  

TEST STARTED: Diligenciamiento exitoso del formulario Popup Validation
-------------------------------------------------------------------(formulario-popup-validation;diligenciamiento-exitoso-del-formulario-popup-validation)
Starting ChromeDriver 2.46.628402 (536cd7adbad73a3783fdc2cab92ab2ba7ec361e1) on port 30595
Only local connections are allowed.
Please protect ports used by ChromeDriver and related test frameworks to prevent access by malicious code.
may 18, 2019 12:04:47 AM org.openqa.selenium.remote.ProtocolHandshake createSession
INFORMACIÓN: Detected dialect: OSS
11215 [main] INFO net.serenitybdd.core.Serenity - 
        __    _____ _____ ____ _____   ____   _    ____  ____  _____ ____  
  _     \ \  |_   _| ____/ ___|_   _| |  _ \ / \  / ___|/ ___|| ____|  _ \ 
 (_)_____| |   | | |  _| \___ \ | |   | |_) / _ \ \___ \\___ \|  _| | | | |
  _|_____| |   | | | |___ ___) || |   |  __/ ___ \ ___) |___) | |___| |_| |
 (_)     | |   |_| |_____|____/ |_|   |_| /_/   \_\____/|____/|_____|____/ 
        /_/                                                                

TEST PASSED: Diligenciamiento exitoso del formulario Popup Validation
----------------------------------------------------------------------------
11615 [pool-1-thread-1] INFO net.thucydides.core.reports.json.JSONTestOutcomeReporter - Generating JSON report for Diligenciamiento exitoso del formulario Popup Validation to file D:\Proyecto Marco ColorLib TDD\com.choucair.base\target\site\serenity\formulario-popup-validation_diligenciamiento-exitoso-del-formulario-popup-validation.json (using temp file D:\Proyecto Marco ColorLib TDD\com.choucair.base\target\site\serenity\formulario-popup-validation_diligenciamiento-exitoso-del-formulario-popup-validation.jsonf19c0637-179d-4e21-9dd4-5e420946d307)
12669 [pool-2-thread-1] INFO net.thucydides.core.reports.html.HtmlAcceptanceTestReporter - GENERATING HTML REPORT FOR Formulario Popup Validation:Diligenciamiento exitoso del formulario Popup Validation in formulario-popup-validation_diligenciamiento-exitoso-del-formulario-popup-validation.html in directory target\site\serenity  
]]></system-err>
</testsuite>
